# JRE version: Java(TM) SE Runtime Environment 18.9 (11.0.11+9) (build 11.0.11+9-LTS-194)
# Java VM: Java HotSpot(TM) 64-Bit Server VM 18.9 (11.0.11+9-LTS-194, mixed mode, tiered, compressed oops, g1 gc, windows-amd64)
Heap:
 garbage-first heap   total 138240K, used 84416K [0x0000000091000000, 0x0000000100000000)
  region size 1024K, 27 young (27648K), 3 survivors (3072K)
 Metaspace       used 36300K, capacity 37162K, committed 37296K, reserved 1083392K
  class space    used 3702K, capacity 3977K, committed 4096K, reserved 1048576K
GC Heap History (10 events):
Event: 23.101 GC heap after
{Heap after GC invocations=13 (full 0):
 garbage-first heap   total 138240K, used 59271K [0x0000000091000000, 0x0000000100000000)
  region size 1024K, 1 young (1024K), 1 survivors (1024K)
 Metaspace       used 35768K, capacity 36651K, committed 36912K, reserved 1083392K
  class space    used 3663K, capacity 3926K, committed 3968K, reserved 1048576K
}
Event: 23.575 GC heap before
{Heap before GC invocations=13 (full 0):
 garbage-first heap   total 138240K, used 105351K [0x0000000091000000, 0x0000000100000000)
  region size 1024K, 46 young (47104K), 1 survivors (1024K)
 Metaspace       used 36097K, capacity 36996K, committed 37296K, reserved 1083392K
  class space    used 3699K, capacity 3973K, committed 4096K, reserved 1048576K
}
Event: 23.578 GC heap after
{Heap after GC invocations=14 (full 0):
 garbage-first heap   total 138240K, used 58986K [0x0000000091000000, 0x0000000100000000)
  region size 1024K, 1 young (1024K), 1 survivors (1024K)
 Metaspace       used 36097K, capacity 36996K, committed 37296K, reserved 1083392K
  class space    used 3699K, capacity 3973K, committed 4096K, reserved 1048576K
}
Event: 23.751 GC heap before
{Heap before GC invocations=14 (full 0):
 garbage-first heap   total 138240K, used 107114K [0x0000000091000000, 0x0000000100000000)
  region size 1024K, 48 young (49152K), 1 survivors (1024K)
 Metaspace       used 36177K, capacity 37077K, committed 37296K, reserved 1083392K
  class space    used 3701K, capacity 3976K, committed 4096K, reserved 1048576K
}
Event: 23.754 GC heap after
{Heap after GC invocations=15 (full 0):
 garbage-first heap   total 138240K, used 59442K [0x0000000091000000, 0x0000000100000000)
  region size 1024K, 2 young (2048K), 2 survivors (2048K)
 Metaspace       used 36177K, capacity 37077K, committed 37296K, reserved 1083392K
  class space    used 3701K, capacity 3976K, committed 4096K, reserved 1048576K
}
Event: 23.920 GC heap before
{Heap before GC invocations=15 (full 0):
 garbage-first heap   total 138240K, used 107570K [0x0000000091000000, 0x0000000100000000)
  region size 1024K, 49 young (50176K), 2 survivors (2048K)
 Metaspace       used 36246K, capacity 37152K, committed 37296K, reserved 1083392K
  class space    used 3701K, capacity 3976K, committed 4096K, reserved 1048576K
}
Event: 23.924 GC heap after
{Heap after GC invocations=16 (full 0):
 garbage-first heap   total 138240K, used 59959K [0x0000000091000000, 0x0000000100000000)
  region size 1024K, 2 young (2048K), 2 survivors (2048K)
 Metaspace       used 36246K, capacity 37152K, committed 37296K, reserved 1083392K
  class space    used 3701K, capacity 3976K, committed 4096K, reserved 1048576K
}
Event: 24.098 GC heap before
{Heap before GC invocations=16 (full 0):
 garbage-first heap   total 138240K, used 110135K [0x0000000091000000, 0x0000000100000000)
  region size 1024K, 51 young (52224K), 2 survivors (2048K)
 Metaspace       used 36285K, capacity 37162K, committed 37296K, reserved 1083392K
  class space    used 3702K, capacity 3977K, committed 4096K, reserved 1048576K
}
Event: 24.103 GC heap after
{Heap after GC invocations=17 (full 0):
 garbage-first heap   total 138240K, used 60345K [0x0000000091000000, 0x0000000100000000)
  region size 1024K, 2 young (2048K), 2 survivors (2048K)
 Metaspace       used 36285K, capacity 37162K, committed 37296K, reserved 1083392K
  class space    used 3702K, capacity 3977K, committed 4096K, reserved 1048576K
}
Event: 24.261 GC heap before
{Heap before GC invocations=17 (full 0):
 garbage-first heap   total 138240K, used 111545K [0x0000000091000000, 0x0000000100000000)
  region size 1024K, 52 young (53248K), 2 survivors (2048K)
 Metaspace       used 36290K, capacity 37162K, committed 37296K, reserved 1083392K
  class space    used 3702K, capacity 3977K, committed 4096K, reserved 1048576K
}

