# JRE version: Java(TM) SE Runtime Environment 18.9 (11.0.11+9) (build 11.0.11+9-LTS-194)
# Java VM: Java HotSpot(TM) 64-Bit Server VM 18.9 (11.0.11+9-LTS-194, mixed mode, tiered, compressed oops, g1 gc, windows-amd64)
Heap:
 garbage-first heap   total 577536K, used 129179K [0x0000000091000000, 0x0000000100000000)
  region size 1024K, 59 young (60416K), 10 survivors (10240K)
 Metaspace       used 36837K, capacity 37707K, committed 37808K, reserved 1083392K
  class space    used 3730K, capacity 3998K, committed 4096K, reserved 1048576K
GC Heap History (10 events):
Event: 18.560 GC heap before
{Heap before GC invocations=23 (full 0):
 garbage-first heap   total 165888K, used 134208K [0x0000000091000000, 0x0000000100000000)
  region size 1024K, 74 young (75776K), 7 survivors (7168K)
 Metaspace       used 36490K, capacity 37363K, committed 37552K, reserved 1083392K
  class space    used 3722K, capacity 3994K, committed 4096K, reserved 1048576K
}
Event: 18.581 GC heap after
{Heap after GC invocations=24 (full 0):
 garbage-first heap   total 288768K, used 66520K [0x0000000091000000, 0x0000000100000000)
  region size 1024K, 7 young (7168K), 7 survivors (7168K)
 Metaspace       used 36490K, capacity 37363K, committed 37552K, reserved 1083392K
  class space    used 3722K, capacity 3994K, committed 4096K, reserved 1048576K
}
Event: 18.904 GC heap before
{Heap before GC invocations=24 (full 0):
 garbage-first heap   total 288768K, used 191448K [0x0000000091000000, 0x0000000100000000)
  region size 1024K, 129 young (132096K), 7 survivors (7168K)
 Metaspace       used 36501K, capacity 37363K, committed 37552K, reserved 1083392K
  class space    used 3722K, capacity 3994K, committed 4096K, reserved 1048576K
}
Event: 18.921 GC heap after
{Heap after GC invocations=25 (full 0):
 garbage-first heap   total 288768K, used 68704K [0x0000000091000000, 0x0000000100000000)
  region size 1024K, 9 young (9216K), 9 survivors (9216K)
 Metaspace       used 36501K, capacity 37363K, committed 37552K, reserved 1083392K
  class space    used 3722K, capacity 3994K, committed 4096K, reserved 1048576K
}
Event: 19.277 GC heap before
{Heap before GC invocations=25 (full 0):
 garbage-first heap   total 288768K, used 234592K [0x0000000091000000, 0x0000000100000000)
  region size 1024K, 169 young (173056K), 9 survivors (9216K)
 Metaspace       used 36560K, capacity 37428K, committed 37552K, reserved 1083392K
  class space    used 3726K, capacity 3994K, committed 4096K, reserved 1048576K
}
Event: 19.296 GC heap after
{Heap after GC invocations=26 (full 0):
 garbage-first heap   total 288768K, used 72955K [0x0000000091000000, 0x0000000100000000)
  region size 1024K, 11 young (11264K), 11 survivors (11264K)
 Metaspace       used 36560K, capacity 37428K, committed 37552K, reserved 1083392K
  class space    used 3726K, capacity 3994K, committed 4096K, reserved 1048576K
}
Event: 20.121 GC heap before
{Heap before GC invocations=26 (full 0):
 garbage-first heap   total 288768K, used 234747K [0x0000000091000000, 0x0000000100000000)
  region size 1024K, 169 young (173056K), 11 survivors (11264K)
 Metaspace       used 36804K, capacity 37642K, committed 37808K, reserved 1083392K
  class space    used 3730K, capacity 3998K, committed 4096K, reserved 1048576K
}
Event: 20.144 GC heap after
{Heap after GC invocations=27 (full 0):
 garbage-first heap   total 288768K, used 79994K [0x0000000091000000, 0x0000000100000000)
  region size 1024K, 18 young (18432K), 18 survivors (18432K)
 Metaspace       used 36804K, capacity 37642K, committed 37808K, reserved 1083392K
  class space    used 3730K, capacity 3998K, committed 4096K, reserved 1048576K
}
Event: 20.630 GC heap before
{Heap before GC invocations=27 (full 0):
 garbage-first heap   total 288768K, used 234618K [0x0000000091000000, 0x0000000100000000)
  region size 1024K, 169 young (173056K), 18 survivors (18432K)
 Metaspace       used 36829K, capacity 37643K, committed 37808K, reserved 1083392K
  class space    used 3730K, capacity 3998K, committed 4096K, reserved 1048576K
}
Event: 20.661 GC heap after
{Heap after GC invocations=28 (full 0):
 garbage-first heap   total 577536K, used 80027K [0x0000000091000000, 0x0000000100000000)
  region size 1024K, 10 young (10240K), 10 survivors (10240K)
 Metaspace       used 36829K, capacity 37643K, committed 37808K, reserved 1083392K
  class space    used 3730K, capacity 3998K, committed 4096K, reserved 1048576K
}

