# JRE version: Java(TM) SE Runtime Environment 18.9 (11.0.11+9) (build 11.0.11+9-LTS-194)
# Java VM: Java HotSpot(TM) 64-Bit Server VM 18.9 (11.0.11+9-LTS-194, mixed mode, tiered, compressed oops, g1 gc, windows-amd64)
Heap:
 garbage-first heap   total 403456K, used 234173K [0x0000000091000000, 0x0000000100000000)
  region size 1024K, 166 young (169984K), 16 survivors (16384K)
 Metaspace       used 36800K, capacity 37706K, committed 37808K, reserved 1083392K
  class space    used 3734K, capacity 3998K, committed 4096K, reserved 1048576K
GC Heap History (10 events):
Event: 26.835 GC heap before
{Heap before GC invocations=26 (full 0):
 garbage-first heap   total 165888K, used 132021K [0x0000000091000000, 0x0000000100000000)
  region size 1024K, 69 young (70656K), 5 survivors (5120K)
 Metaspace       used 36503K, capacity 37431K, committed 37552K, reserved 1083392K
  class space    used 3726K, capacity 3994K, committed 4096K, reserved 1048576K
}
Event: 26.853 GC heap after
{Heap after GC invocations=27 (full 0):
 garbage-first heap   total 256000K, used 67701K [0x0000000091000000, 0x0000000100000000)
  region size 1024K, 6 young (6144K), 6 survivors (6144K)
 Metaspace       used 36503K, capacity 37431K, committed 37552K, reserved 1083392K
  class space    used 3726K, capacity 3994K, committed 4096K, reserved 1048576K
}
Event: 27.274 GC heap before
{Heap before GC invocations=27 (full 0):
 garbage-first heap   total 256000K, used 158837K [0x0000000091000000, 0x0000000100000000)
  region size 1024K, 95 young (97280K), 6 survivors (6144K)
 Metaspace       used 36510K, capacity 37431K, committed 37552K, reserved 1083392K
  class space    used 3726K, capacity 3994K, committed 4096K, reserved 1048576K
}
Event: 27.287 GC heap after
{Heap after GC invocations=28 (full 0):
 garbage-first heap   total 256000K, used 69445K [0x0000000091000000, 0x0000000100000000)
  region size 1024K, 8 young (8192K), 8 survivors (8192K)
 Metaspace       used 36510K, capacity 37431K, committed 37552K, reserved 1083392K
  class space    used 3726K, capacity 3994K, committed 4096K, reserved 1048576K
}
Event: 27.585 GC heap before
{Heap before GC invocations=28 (full 0):
 garbage-first heap   total 256000K, used 180037K [0x0000000091000000, 0x0000000100000000)
  region size 1024K, 116 young (118784K), 8 survivors (8192K)
 Metaspace       used 36548K, capacity 37496K, committed 37808K, reserved 1083392K
  class space    used 3730K, capacity 3994K, committed 4096K, reserved 1048576K
}
Event: 27.600 GC heap after
{Heap after GC invocations=29 (full 0):
 garbage-first heap   total 256000K, used 72159K [0x0000000091000000, 0x0000000100000000)
  region size 1024K, 10 young (10240K), 10 survivors (10240K)
 Metaspace       used 36548K, capacity 37496K, committed 37808K, reserved 1083392K
  class space    used 3730K, capacity 3994K, committed 4096K, reserved 1048576K
}
Event: 27.951 GC heap before
{Heap before GC invocations=29 (full 0):
 garbage-first heap   total 256000K, used 210399K [0x0000000091000000, 0x0000000100000000)
  region size 1024K, 143 young (146432K), 10 survivors (10240K)
 Metaspace       used 36567K, capacity 37496K, committed 37808K, reserved 1083392K
  class space    used 3730K, capacity 3994K, committed 4096K, reserved 1048576K
}
Event: 27.972 GC heap after
{Heap after GC invocations=30 (full 0):
 garbage-first heap   total 256000K, used 75516K [0x0000000091000000, 0x0000000100000000)
  region size 1024K, 12 young (12288K), 12 survivors (12288K)
 Metaspace       used 36567K, capacity 37496K, committed 37808K, reserved 1083392K
  class space    used 3730K, capacity 3994K, committed 4096K, reserved 1048576K
}
Event: 28.974 GC heap before
{Heap before GC invocations=30 (full 0):
 garbage-first heap   total 256000K, used 214780K [0x0000000091000000, 0x0000000100000000)
  region size 1024K, 148 young (151552K), 12 survivors (12288K)
 Metaspace       used 36780K, capacity 37706K, committed 37808K, reserved 1083392K
  class space    used 3734K, capacity 3998K, committed 4096K, reserved 1048576K
}
Event: 29.007 GC heap after
{Heap after GC invocations=31 (full 0):
 garbage-first heap   total 403456K, used 81597K [0x0000000091000000, 0x0000000100000000)
  region size 1024K, 16 young (16384K), 16 survivors (16384K)
 Metaspace       used 36780K, capacity 37706K, committed 37808K, reserved 1083392K
  class space    used 3734K, capacity 3998K, committed 4096K, reserved 1048576K
}

